TN:
SF:src\dao\CategoriesDAO.ts
FN:4,getCategories
FNF:1
FNH:1
FNDA:5,getCategories
DA:1,1
DA:3,1
DA:4,1
DA:5,5
DA:6,5
DA:7,5
DA:8,1
LF:7
LH:7
BRDA:4,0,0,5
BRF:1
BRH:1
end_of_record
TN:
SF:src\dao\OperatorDAO.ts
FN:9,getOperators
FNF:1
FNH:1
FNDA:4,getOperators
DA:1,1
DA:3,1
DA:5,1
DA:7,1
DA:9,1
DA:10,4
DA:11,4
DA:13,2
DA:14,4
DA:15,1
LF:10
LH:10
BRDA:9,0,0,4
BRDA:11,1,0,2
BRF:2
BRH:2
end_of_record
TN:
SF:src\dao\ReportDAO.ts
FN:9,updateReportStatus
FN:27,updateReportCategory
FNF:2
FNH:0
FNDA:0,updateReportStatus
FNDA:0,updateReportCategory
DA:1,1
DA:4,1
DA:5,1
DA:8,1
DA:9,1
DA:10,0
DA:11,0
DA:12,0
DA:14,0
DA:15,0
DA:16,0
DA:17,0
DA:18,0
DA:20,0
DA:21,0
DA:22,0
DA:24,0
DA:25,0
DA:27,1
DA:28,0
DA:29,0
DA:30,0
DA:31,0
DA:32,0
DA:35,0
DA:36,0
DA:37,0
DA:39,0
DA:40,0
DA:41,0
DA:42,0
DA:43,0
DA:44,0
DA:45,0
DA:46,0
DA:48,1
LF:36
LH:7
BRF:0
BRH:0
end_of_record
TN:
SF:src\dao\RolesDAO.ts
FN:5,getRoles
FNF:1
FNH:1
FNDA:3,getRoles
DA:1,1
DA:4,1
DA:5,1
DA:6,3
DA:7,3
DA:8,2
DA:9,3
DA:10,1
LF:8
LH:8
BRDA:5,0,0,3
BRDA:7,1,0,2
BRF:2
BRH:2
end_of_record
TN:
SF:src\dao\UserDAO.ts
FN:5,findUserByUid
FN:11,findUserByEmailOrUsername
FN:19,createUser
FNF:3
FNH:3
FNDA:5,findUserByUid
FNDA:3,findUserByEmailOrUsername
FNDA:4,createUser
DA:1,1
DA:4,1
DA:5,1
DA:6,5
DA:7,5
DA:8,5
DA:9,5
DA:11,1
DA:12,3
DA:15,3
DA:16,3
DA:17,3
DA:19,1
DA:26,4
DA:27,4
DA:31,4
DA:32,4
DA:33,4
DA:34,4
DA:35,4
DA:36,4
DA:37,4
DA:38,4
DA:39,3
DA:40,4
DA:41,1
DA:42,1
DA:43,2
DA:44,4
DA:46,1
DA:48,1
LF:31
LH:31
BRDA:5,0,0,5
BRDA:7,1,0,4
BRDA:8,2,0,2
BRDA:8,3,0,2
BRDA:11,4,0,3
BRDA:15,5,0,2
BRDA:16,6,0,1
BRDA:16,7,0,1
BRDA:19,8,0,4
BRDA:37,9,0,1
BRDA:37,10,0,3
BRDA:38,11,0,3
BRDA:40,12,0,1
BRDA:42,13,0,2
BRF:14
BRH:14
end_of_record
TN:
SF:src\middlewares\error.ts
FN:8,<instance_members_initializer>
FN:11,AppError
FN:18,notFound
FN:22,errorHandler
FNF:4
FNH:4
FNDA:2,<instance_members_initializer>
FNDA:2,AppError
FNDA:1,notFound
FNDA:2,errorHandler
DA:2,1
DA:8,1
DA:9,2
DA:10,2
DA:11,2
DA:12,2
DA:13,2
DA:14,2
DA:15,2
DA:16,2
DA:18,1
DA:19,1
DA:20,1
DA:22,1
DA:23,2
DA:24,2
DA:25,2
DA:26,2
DA:27,2
DA:28,2
DA:29,2
DA:30,2
DA:32,2
DA:33,1
DA:34,1
DA:36,2
DA:37,2
DA:38,2
DA:39,2
DA:40,2
DA:41,2
LF:31
LH:31
BRDA:8,0,0,2
BRDA:11,1,0,2
BRDA:18,2,0,1
BRDA:22,3,0,2
BRDA:29,4,0,1
BRDA:29,5,0,1
BRDA:30,6,0,1
BRDA:30,7,0,1
BRDA:32,8,0,1
BRDA:32,9,0,1
BRDA:39,10,0,1
BRDA:39,11,0,1
BRF:12
BRH:12
end_of_record
TN:
SF:src\middlewares\verifyFirebaseToken.ts
FN:7,verifyFirebaseToken
FNF:1
FNH:1
FNDA:5,verifyFirebaseToken
DA:2,1
DA:3,1
DA:5,1
DA:7,1
DA:8,5
DA:9,5
DA:10,5
DA:11,5
DA:12,1
DA:13,1
DA:14,4
DA:15,5
DA:16,0
DA:17,0
DA:18,4
DA:19,3
DA:22,3
DA:23,5
DA:24,1
DA:25,1
DA:28,5
DA:29,1
DA:30,1
DA:33,1
DA:35,1
DA:36,1
DA:37,1
DA:38,1
DA:39,5
DA:40,5
LF:30
LH:28
BRDA:7,0,0,5
BRDA:8,1,0,5
BRDA:11,2,0,4
BRDA:11,3,0,1
BRDA:13,4,0,4
BRDA:15,5,0,0
BRDA:17,6,0,4
BRDA:18,7,0,3
BRDA:23,8,0,1
BRDA:25,9,0,2
BRDA:28,10,0,1
BRF:11
BRH:10
end_of_record
TN:
SF:src\models\user.ts
FN:1,(empty-report)
FNF:1
FNH:1
FNDA:1,(empty-report)
LF:0
LH:0
BRDA:1,0,0,1
BRF:1
BRH:1
end_of_record
TN:
SF:src\models\userRoles.ts
FNF:0
FNH:0
DA:4,1
DA:5,1
DA:6,1
DA:7,1
DA:8,1
LF:5
LH:5
BRF:0
BRH:0
end_of_record
TN:
SF:src\routes\categories.routes.ts
FNF:0
FNH:0
DA:1,1
DA:2,1
DA:3,1
DA:4,1
DA:6,1
DA:13,1
DA:14,3
DA:15,3
DA:16,3
DA:18,3
DA:19,1
DA:20,1
DA:22,1
DA:23,1
DA:24,1
DA:25,1
DA:26,3
DA:28,1
LF:18
LH:18
BRDA:13,0,0,3
BRDA:16,1,0,2
BRDA:18,2,0,1
BRF:3
BRH:3
end_of_record
TN:
SF:src\routes\index.ts
FNF:0
FNH:0
DA:1,1
DA:2,1
DA:3,1
DA:4,1
DA:5,1
DA:6,1
DA:7,1
DA:8,1
DA:11,1
DA:12,1
DA:13,1
DA:14,1
DA:15,1
DA:16,1
DA:18,1
LF:15
LH:15
BRF:0
BRH:0
end_of_record
TN:
SF:src\routes\operator.routes.ts
FNF:0
FNH:0
DA:1,1
DA:3,1
DA:4,1
DA:5,1
DA:6,1
DA:7,1
DA:8,1
DA:11,1
DA:12,1
DA:13,1
DA:16,1
DA:17,1
DA:18,1
DA:20,1
DA:21,0
DA:22,0
DA:24,1
DA:26,1
DA:27,0
DA:28,0
DA:29,1
DA:32,1
DA:33,1
DA:34,1
DA:35,1
DA:36,1
DA:37,1
DA:38,1
DA:39,1
DA:40,1
DA:41,1
DA:42,1
DA:43,8
DA:44,8
DA:45,1
DA:46,1
DA:48,7
DA:49,7
DA:52,8
DA:53,2
DA:54,2
DA:56,5
DA:57,5
DA:58,5
DA:59,5
DA:61,2
DA:62,2
DA:63,2
DA:64,2
DA:66,8
DA:67,3
DA:68,1
DA:69,1
DA:70,3
DA:71,1
DA:72,1
DA:73,3
DA:74,0
DA:75,0
DA:77,1
DA:78,1
DA:79,1
DA:80,8
DA:81,1
DA:83,1
LF:65
LH:59
BRDA:16,0,0,1
BRDA:20,1,0,0
BRDA:26,2,0,0
BRDA:42,3,0,8
BRDA:44,4,0,1
BRDA:46,5,0,7
BRDA:52,6,0,6
BRDA:52,7,0,2
BRDA:54,8,0,5
BRDA:59,9,0,2
BRDA:66,10,0,3
BRDA:67,11,0,1
BRDA:69,12,0,2
BRDA:70,13,0,1
BRDA:73,14,0,0
BRDA:75,15,0,1
BRF:16
BRH:13
end_of_record
TN:
SF:src\routes\registrations.routes.ts
FNF:0
FNH:0
DA:1,1
DA:3,1
DA:4,1
DA:5,1
DA:7,1
DA:8,1
DA:11,1
DA:12,1
DA:13,1
DA:14,1
DA:15,1
DA:16,1
DA:17,1
DA:18,1
DA:19,1
DA:20,16
DA:21,16
DA:22,3
DA:23,3
DA:25,13
DA:26,13
DA:28,13
DA:30,4
DA:31,4
DA:32,4
DA:33,4
DA:36,16
DA:37,9
DA:38,3
DA:39,3
DA:40,9
DA:41,3
DA:42,3
DA:43,9
DA:44,0
DA:45,0
DA:46,3
DA:47,3
DA:48,3
DA:49,16
DA:50,1
DA:53,1
LF:42
LH:40
BRDA:19,0,0,16
BRDA:21,1,0,3
BRDA:23,2,0,13
BRDA:28,3,0,4
BRDA:36,4,0,9
BRDA:37,5,0,3
BRDA:39,6,0,6
BRDA:40,7,0,3
BRDA:43,8,0,0
BRDA:45,9,0,3
BRF:10
BRH:9
end_of_record
TN:
SF:src\routes\reports.routes.ts
FNF:0
FNH:0
DA:1,1
DA:3,1
DA:4,1
DA:5,1
DA:6,1
DA:10,1
DA:11,1
DA:14,1
DA:15,1
DA:16,1
DA:18,1
DA:19,1
DA:21,1
DA:22,1
DA:23,1
DA:24,1
DA:25,1
DA:26,0
DA:27,0
DA:28,0
DA:29,0
DA:30,0
DA:32,0
DA:33,0
DA:34,0
DA:35,0
DA:37,0
DA:39,0
DA:40,0
DA:41,0
DA:42,0
DA:43,0
DA:44,0
DA:45,0
DA:46,1
DA:49,1
DA:50,1
DA:51,1
DA:52,1
DA:53,1
DA:54,1
DA:55,0
DA:56,0
DA:57,0
DA:58,0
DA:59,0
DA:61,0
DA:62,0
DA:63,0
DA:65,0
DA:67,0
DA:68,0
DA:69,0
DA:70,0
DA:72,0
DA:73,0
DA:74,0
DA:76,0
DA:77,0
DA:78,0
DA:81,0
DA:82,0
DA:83,0
DA:84,1
DA:86,1
LF:65
LH:26
BRF:0
BRH:0
end_of_record
TN:
SF:src\routes\roles.routes.ts
FNF:0
FNH:0
DA:1,1
DA:2,1
DA:3,1
DA:4,1
DA:6,1
DA:9,1
DA:10,10
DA:11,10
DA:13,10
DA:15,10
DA:16,3
DA:17,3
DA:19,4
DA:21,4
DA:22,3
DA:23,3
DA:24,10
DA:26,1
LF:18
LH:18
BRDA:9,0,0,10
BRDA:13,1,0,7
BRDA:15,2,0,4
BRDA:15,3,0,3
BRDA:21,4,0,3
BRF:5
BRH:5
end_of_record
TN:
SF:src\routes\user.routes.ts
FNF:0
FNH:0
DA:1,1
DA:3,1
DA:4,1
DA:5,1
DA:7,1
DA:8,1
DA:11,1
DA:12,6
DA:14,6
DA:15,0
DA:16,0
DA:18,6
DA:19,6
DA:21,6
DA:22,2
DA:23,2
DA:25,3
DA:26,4
DA:27,1
DA:28,1
DA:29,1
DA:30,6
DA:32,1
LF:23
LH:21
BRDA:11,0,0,6
BRDA:14,1,0,0
BRDA:19,2,0,5
BRDA:21,3,0,4
BRDA:21,4,0,3
BRDA:21,5,0,2
BRDA:26,6,0,1
BRF:7
BRH:6
end_of_record
TN:
SF:src\services\userService.ts
FN:7,createUserWithFirebase
FNF:1
FNH:1
FNDA:4,createUserWithFirebase
DA:1,1
DA:2,1
DA:4,1
DA:5,1
DA:7,4
DA:8,4
DA:16,4
DA:17,4
DA:19,4
DA:20,4
DA:21,1
DA:22,1
DA:25,3
DA:26,3
DA:27,3
DA:28,3
DA:29,3
DA:31,3
DA:33,3
DA:35,3
DA:36,4
DA:38,1
DA:39,1
DA:40,1
DA:43,2
DA:44,2
DA:45,2
DA:46,2
DA:47,2
DA:48,2
DA:49,2
DA:50,2
DA:52,1
DA:53,4
DA:55,2
DA:56,2
DA:57,2
DA:58,4
LF:38
LH:38
BRDA:7,0,0,4
BRDA:20,1,0,1
BRDA:22,2,0,3
BRDA:36,3,0,1
BRDA:40,4,0,2
BRDA:50,5,0,1
BRDA:53,6,0,2
BRF:7
BRH:7
end_of_record
TN:
SF:src\types\express.d.ts
FN:1,(empty-report)
FNF:1
FNH:1
FNDA:1,(empty-report)
LF:0
LH:0
BRDA:1,0,0,1
BRF:1
BRH:1
end_of_record
